<?xml version="1.0" encoding="UTF-8"?>
<!-- Generated by org.testng.reporters.JUnitXMLReporter -->
<testsuite ignored="1" hostname="DESKTOP-GDI9CJ3" failures="1" tests="20" name="Test" time="17.829" errors="0" timestamp="2023-08-06T11:02:56 IST">
  <testcase classname="learntestng.Group1" name="a" time="0.021"/>
  <testcase classname="learntestng.Group1" name="b" time="0.002"/>
  <testcase classname="learntestng.Group1" name="c" time="0.006"/>
  <testcase classname="learntestng.Group1" name="d" time="0.005"/>
  <testcase classname="learntestng.Group2" name="e" time="0.005"/>
  <testcase classname="learntestng.Group2" name="f" time="0.004"/>
  <testcase classname="learntestng.Group2" name="g" time="0.004"/>
  <testcase classname="learntestng.Group2" name="h" time="0.003"/>
  <testcase classname="learntestng.Group3" name="i" time="0.004"/>
  <testcase classname="learntestng.Group3" name="j" time="0.002"/>
  <testcase classname="learntestng.Group3" name="k" time="0.002"/>
  <testcase classname="learntestng.Group3" name="l" time="0.003"/>
  <testcase classname="learntestng.Group4" name="m" time="0.003"/>
  <testcase classname="learntestng.Group4" name="n" time="0.004"/>
  <testcase classname="learntestng.Group4" name="o" time="0.002"/>
  <testcase classname="learntestng.Group4" name="p" time="0.006"/>
  <testcase classname="learntestng.PreAndPostCondition" name="loginToActiTime" time="12.461">
    <failure type="org.openqa.selenium.NoSuchElementException" message="no such element: Unable to locate element: {&amp;quot;method&amp;quot;:&amp;quot;css selector&amp;quot;,&amp;quot;selector&amp;quot;:&amp;quot;*[name=&amp;apos;p&amp;apos;]&amp;quot;}
  (Session info: chrome=115.0.5790.170)
For documentation on this error, please visit: https://www.selenium.dev/documentation/webdriver/troubleshooting/errors#no-such-element-exception
Build info: version: &amp;apos;4.10.0&amp;apos;, revision: &amp;apos;c14d967899&amp;apos;
System info: os.name: &amp;apos;Windows 10&amp;apos;, os.arch: &amp;apos;amd64&amp;apos;, os.version: &amp;apos;10.0&amp;apos;, java.version: &amp;apos;20.0.1&amp;apos;
Driver info: org.openqa.selenium.chrome.ChromeDriver
Command: [c00bbbda274716cb744fb938a4bc42de, findElement {using=name, value=p}]
Capabilities {acceptInsecureCerts: false, browserName: chrome, browserVersion: 115.0.5790.170, chrome: {chromedriverVersion: 114.0.5735.90 (386bc09e8f4f..., userDataDir: C:\Users\BTM-PC\AppData\Loc...}, goog:chromeOptions: {debuggerAddress: localhost:51777}, networkConnectionEnabled: false, pageLoadStrategy: normal, platformName: windows, proxy: Proxy(), se:cdp: ws://localhost:51777/devtoo..., se:cdpVersion: 115.0.5790.170, setWindowRect: true, strictFileInteractability: false, timeouts: {implicit: 0, pageLoad: 300000, script: 30000}, unhandledPromptBehavior: dismiss and notify, webauthn:extension:credBlob: true, webauthn:extension:largeBlob: true, webauthn:extension:minPinLength: true, webauthn:extension:prf: true, webauthn:virtualAuthenticators: true}
Session ID: c00bbbda274716cb744fb938a4bc42de">
      <![CDATA[org.openqa.selenium.NoSuchElementException: no such element: Unable to locate element: {"method":"css selector","selector":"*[name='p']"}
  (Session info: chrome=115.0.5790.170)
For documentation on this error, please visit: https://www.selenium.dev/documentation/webdriver/troubleshooting/errors#no-such-element-exception
Build info: version: '4.10.0', revision: 'c14d967899'
System info: os.name: 'Windows 10', os.arch: 'amd64', os.version: '10.0', java.version: '20.0.1'
Driver info: org.openqa.selenium.chrome.ChromeDriver
Command: [c00bbbda274716cb744fb938a4bc42de, findElement {using=name, value=p}]
Capabilities {acceptInsecureCerts: false, browserName: chrome, browserVersion: 115.0.5790.170, chrome: {chromedriverVersion: 114.0.5735.90 (386bc09e8f4f..., userDataDir: C:\Users\BTM-PC\AppData\Loc...}, goog:chromeOptions: {debuggerAddress: localhost:51777}, networkConnectionEnabled: false, pageLoadStrategy: normal, platformName: windows, proxy: Proxy(), se:cdp: ws://localhost:51777/devtoo..., se:cdpVersion: 115.0.5790.170, setWindowRect: true, strictFileInteractability: false, timeouts: {implicit: 0, pageLoad: 300000, script: 30000}, unhandledPromptBehavior: dismiss and notify, webauthn:extension:credBlob: true, webauthn:extension:largeBlob: true, webauthn:extension:minPinLength: true, webauthn:extension:prf: true, webauthn:virtualAuthenticators: true}
Session ID: c00bbbda274716cb744fb938a4bc42de
at org.openqa.selenium.remote.codec.w3c.W3CHttpResponseCodec.createException(W3CHttpResponseCodec.java:199)
at org.openqa.selenium.remote.codec.w3c.W3CHttpResponseCodec.decode(W3CHttpResponseCodec.java:132)
at org.openqa.selenium.remote.codec.w3c.W3CHttpResponseCodec.decode(W3CHttpResponseCodec.java:51)
at org.openqa.selenium.remote.HttpCommandExecutor.execute(HttpCommandExecutor.java:191)
at org.openqa.selenium.remote.service.DriverCommandExecutor.invokeExecute(DriverCommandExecutor.java:196)
at org.openqa.selenium.remote.service.DriverCommandExecutor.execute(DriverCommandExecutor.java:171)
at org.openqa.selenium.remote.RemoteWebDriver.execute(RemoteWebDriver.java:531)
at org.openqa.selenium.remote.ElementLocation$ElementFinder$2.findElement(ElementLocation.java:165)
at org.openqa.selenium.remote.ElementLocation.findElement(ElementLocation.java:66)
at org.openqa.selenium.remote.RemoteWebDriver.findElement(RemoteWebDriver.java:350)
at org.openqa.selenium.remote.RemoteWebDriver.findElement(RemoteWebDriver.java:344)
at learntestng.PreAndPostCondition.loginToActiTime(PreAndPostCondition.java:38)
at java.base/java.util.ArrayList.forEach(ArrayList.java:1511)
... Removed 28 stack frames]]>
    </failure>
  </testcase> <!-- loginToActiTime -->
  <testcase classname="learntestng.PreAndPostCondition" name="loginToVtiger" time="0.0">
    <skipped/>
  </testcase> <!-- loginToVtiger -->
  <testcase classname="learntestng.Account" name="createAccount" time="0.002"/>
  <testcase classname="learntestng.Account" name="modifyAccount" time="0.004"/>
  <testcase classname="learntestng.Account" name="deleteAccount" time="0.0">
    <ignored/>
  </testcase> <!-- deleteAccount -->
</testsuite> <!-- Test -->
